Base path: C:/Program Files/Unity/Editor/Data
Cmd: initializeCompiler
Cmd: preprocess
  insize=1546 outsize=545 ok=1
Cmd: preprocess
  insize=452 outsize=452 ok=1
Cmd: preprocess
  insize=1951 outsize=983 ok=1
Cmd: preprocess
  insize=1683 outsize=1875 ok=1
Cmd: preprocess
  insize=6753 outsize=1032 ok=1
Cmd: preprocess
  insize=9103 outsize=1346 ok=1
Cmd: preprocess
  insize=4492 outsize=1171 ok=1
Cmd: preprocess
  insize=1518 outsize=1819 ok=1
Cmd: preprocess
  insize=3078 outsize=427 ok=1
Cmd: preprocess
  insize=11883 outsize=2283 ok=1
Cmd: preprocess
  insize=13466 outsize=2732 ok=1
Cmd: preprocess
  insize=1097 outsize=958 ok=1
Cmd: preprocess
  insize=3680 outsize=1983 ok=1
Cmd: preprocess
  insize=11452 outsize=578 ok=1
Cmd: preprocess
  insize=41591 outsize=2062 ok=1
Cmd: preprocess
  insize=2665 outsize=1602 ok=1
Cmd: preprocess
  insize=5658 outsize=1135 ok=1
Cmd: preprocess
  insize=12589 outsize=2611 ok=1
Cmd: preprocess
  insize=3010 outsize=1261 ok=1
Cmd: preprocess
  insize=11123 outsize=2000 ok=1
Cmd: preprocess
  insize=3154 outsize=508 ok=1
Cmd: preprocess
  insize=1723 outsize=724 ok=1
Cmd: preprocess
  insize=2053 outsize=674 ok=1
Cmd: preprocess
  insize=6460 outsize=570 ok=1
Cmd: preprocess
  insize=41762 outsize=5555 ok=1
Cmd: preprocess
  insize=1608 outsize=582 ok=1
Cmd: preprocess
  insize=7300 outsize=1109 ok=1
Cmd: preprocess
  insize=1458 outsize=458 ok=1
Cmd: preprocess
  insize=4260 outsize=2114 ok=1
Cmd: compileCompute
  api=4 insize=2749 outsize=4053 ok=1
